<?xml version="1.0" encoding="UTF-8"?>
<testsuite xmlns:xsi="http://www.w3.org/2001/XMLSchema-instance" xsi:noNamespaceSchemaLocation="https://maven.apache.org/surefire/maven-surefire-plugin/xsd/surefire-test-report-3.0.xsd" version="3.0" name="com.example.Test.TestApplicationTests" time="6.255" tests="1" errors="0" skipped="0" failures="0">
  <properties>
[...]
</properties>
  <testcase name="contextLoads" classname="com.example.Test.TestApplicationTests" time="0.464">
    <system-out><![CDATA[18:42:29.800 [main] INFO org.springframework.test.context.support.AnnotationConfigContextLoaderUtils -- Could not detect default configuration classes for test class [com.example.Test.TestApplicationTests]: TestApplicationTests does not declare any static, non-private, non-final, nested classes annotated with @Configuration.
18:42:29.993 [main] INFO org.springframework.boot.test.context.SpringBootTestContextBootstrapper -- Found @SpringBootConfiguration com.example.Test.TestApplication for test class com.example.Test.TestApplicationTests

  .   ____          _            __ _ _
 /\\ / ___'_ __ _ _(_)_ __  __ _ \ \ \ \
( ( )\___ | '_ | '_| | '_ \/ _` | \ \ \ \
 \\/  ___)| |_)| | | | | || (_| |  ) ) ) )
  '  |____| .__|_| |_|_| |_\__, | / / / /
 =========|_|==============|___/=/_/_/_/

 :: Spring Boot ::                (v3.3.1)

2024-09-11T18:42:30.462+09:00  WARN 6428 --- [ss] [           main] ory$DuplicateJsonObjectContextCustomizer : 

Found multiple occurrences of org.json.JSONObject on the class path:

	jar:file:/C:/Users/D412/.m2/repository/com/vaadin/external/google/android-json/0.0.20131108.vaadin1/android-json-0.0.20131108.vaadin1.jar!/org/json/JSONObject.class
	jar:file:/C:/Users/D412/.m2/repository/org/json/json/20240303/json-20240303.jar!/org/json/JSONObject.class

You may wish to exclude one of them to ensure predictable runtime behavior

2024-09-11T18:42:30.486+09:00  INFO 6428 --- [ss] [           main] com.example.Test.TestApplicationTests    : Starting TestApplicationTests using Java 17.0.1 with PID 6428 (started by D412 in C:\Users\D412\Desktop\Test)
2024-09-11T18:42:30.488+09:00  INFO 6428 --- [ss] [           main] com.example.Test.TestApplicationTests    : The following 1 profile is active: "@activeProfile@"
2024-09-11T18:42:31.320+09:00  INFO 6428 --- [ss] [           main] .s.d.r.c.RepositoryConfigurationDelegate : Bootstrapping Spring Data JPA repositories in DEFAULT mode.
2024-09-11T18:42:31.485+09:00  INFO 6428 --- [ss] [           main] .s.d.r.c.RepositoryConfigurationDelegate : Finished Spring Data repository scanning in 155 ms. Found 1 JPA repository interface.
2024-09-11T18:42:31.969+09:00  INFO 6428 --- [ss] [           main] com.zaxxer.hikari.HikariDataSource       : HikariPool-1 - Starting...
2024-09-11T18:42:32.619+09:00  INFO 6428 --- [ss] [           main] com.zaxxer.hikari.pool.HikariPool        : HikariPool-1 - Added connection com.mysql.cj.jdbc.ConnectionImpl@447521e
2024-09-11T18:42:32.622+09:00  INFO 6428 --- [ss] [           main] com.zaxxer.hikari.HikariDataSource       : HikariPool-1 - Start completed.
2024-09-11T18:42:32.680+09:00  INFO 6428 --- [ss] [           main] o.hibernate.jpa.internal.util.LogHelper  : HHH000204: Processing PersistenceUnitInfo [name: default]
2024-09-11T18:42:32.749+09:00  INFO 6428 --- [ss] [           main] org.hibernate.Version                    : HHH000412: Hibernate ORM core version 6.5.2.Final
2024-09-11T18:42:32.804+09:00  INFO 6428 --- [ss] [           main] o.h.c.internal.RegionFactoryInitiator    : HHH000026: Second-level cache disabled
2024-09-11T18:42:33.211+09:00  INFO 6428 --- [ss] [           main] o.s.o.j.p.SpringPersistenceUnitInfo      : No LoadTimeWeaver setup: ignoring JPA class transformer
2024-09-11T18:42:33.336+09:00  WARN 6428 --- [ss] [           main] org.hibernate.dialect.Dialect            : HHH000511: The 5.7.44 version for [org.hibernate.dialect.MySQLDialect] is no longer supported, hence certain features may not work properly. The minimum supported version is 8.0.0. Check the community dialects project for available legacy versions.
2024-09-11T18:42:34.311+09:00  INFO 6428 --- [ss] [           main] o.h.e.t.j.p.i.JtaPlatformInitiator       : HHH000489: No JTA platform available (set 'hibernate.transaction.jta.platform' to enable JTA platform integration)
2024-09-11T18:42:34.315+09:00  INFO 6428 --- [ss] [           main] j.LocalContainerEntityManagerFactoryBean : Initialized JPA EntityManagerFactory for persistence unit 'default'
2024-09-11T18:42:34.827+09:00  WARN 6428 --- [ss] [           main] JpaBaseConfiguration$JpaWebConfiguration : spring.jpa.open-in-view is enabled by default. Therefore, database queries may be performed during view rendering. Explicitly configure spring.jpa.open-in-view to disable this warning
2024-09-11T18:42:35.006+09:00  INFO 6428 --- [ss] [           main] o.s.b.a.w.s.WelcomePageHandlerMapping    : Adding welcome page template: index
2024-09-11T18:42:35.379+09:00  INFO 6428 --- [ss] [           main] o.s.m.s.b.SimpleBrokerMessageHandler     : Starting...
2024-09-11T18:42:35.380+09:00  INFO 6428 --- [ss] [           main] o.s.m.s.b.SimpleBrokerMessageHandler     : BrokerAvailabilityEvent[available=true, SimpleBrokerMessageHandler [org.springframework.messaging.simp.broker.DefaultSubscriptionRegistry@1bdb6b36]]
2024-09-11T18:42:35.381+09:00  INFO 6428 --- [ss] [           main] o.s.m.s.b.SimpleBrokerMessageHandler     : Started.
2024-09-11T18:42:35.387+09:00  INFO 6428 --- [ss] [           main] com.example.Test.TestApplicationTests    : Started TestApplicationTests in 5.2 seconds (process running for 6.383)
]]></system-out>
  </testcase>
</testsuite>